file /Users/rliu/lsstsw/stack/DarwinX86/sconsUtils/12.1-2-g8b24316/python/lsst/sconsUtils/state.py,line 327:
	Configure(confdir = .sconf_temp)
scons: Configure: Checking who built the CC compiler...
scons: Configure: ".sconf_temp/conftest_0" is up to date.
scons: Configure: The original builder output was:
  |gcc --version > .sconf_temp/conftest_0
  |
scons: Configure: (cached) clang=8.1.0


file /Users/rliu/lsstsw/stack/DarwinX86/sconsUtils/12.1-2-g8b24316/python/lsst/sconsUtils/state.py,line 353:
	Configure(confdir = .sconf_temp)
scons: Configure: Checking whether the C++ compiler works... 
scons: Configure: ".sconf_temp/conftest_1.cpp" is up to date.
scons: Configure: The original builder output was:
  |.sconf_temp/conftest_1.cpp <-
  |  |
  |  |int main()
  |  |{
  |  |    return 0;
  |  |}
  |  |
  |
scons: Configure: ".sconf_temp/conftest_1.o" is up to date.
scons: Configure: The original builder output was:
  |g++ -o .sconf_temp/conftest_1.o -c -std=c++11 -g .sconf_temp/conftest_1.cpp
  |
scons: Configure: (cached) yes


file /Users/rliu/lsstsw/stack/DarwinX86/sconsUtils/12.1-2-g8b24316/python/lsst/sconsUtils/dependencies.py,line 462:
	Configure(confdir = .sconf_temp)

